<?xml version='1.0' encoding='utf-8'?>
<testsuite name="prooflane-validate" tests="7"><testcase name="C:\Users\CraigM\source\repos\Sealfold\prooflane-fixtures\fixtures\invalid\AT-001-missing-required\manifest.json"><failure message="6 errors">[ERROR] C:\Users\CraigM\source\repos\Sealfold\prooflane-fixtures\fixtures\invalid\AT-001-missing-required\manifest.json: &lt;root&gt;: 'title' is a required property
[ERROR] C:\Users\CraigM\source\repos\Sealfold\prooflane-fixtures\fixtures\invalid\AT-001-missing-required\manifest.json: &lt;root&gt;: 'created' is a required property
[ERROR] C:\Users\CraigM\source\repos\Sealfold\prooflane-fixtures\fixtures\invalid\AT-001-missing-required\manifest.json: &lt;root&gt;: 'doc_id' is a required property
[ERROR] C:\Users\CraigM\source\repos\Sealfold\prooflane-fixtures\fixtures\invalid\AT-001-missing-required\manifest.json: &lt;root&gt;: 'latest_commit' is a required property
[ERROR] C:\Users\CraigM\source\repos\Sealfold\prooflane-fixtures\fixtures\invalid\AT-001-missing-required\manifest.json: &lt;root&gt;: 'commits' is a required property
[ERROR] C:\Users\CraigM\source\repos\Sealfold\prooflane-fixtures\fixtures\invalid\AT-001-missing-required\manifest.json: &lt;root&gt;: 'workflow' is a required property</failure></testcase><testcase name="C:\Users\CraigM\source\repos\Sealfold\prooflane-fixtures\fixtures\invalid\AT-010-broken-parent\manifest.json"><failure message="1 errors">[ERROR] C:\Users\CraigM\source\repos\Sealfold\prooflane-fixtures\fixtures\invalid\AT-010-broken-parent\manifest.json: commits[1]: parent 'pla:fixtures:invalid:010:WRONG' does not match previous commit_id 'pla:fixtures:invalid:010:0001'</failure></testcase><testcase name="C:\Users\CraigM\source\repos\Sealfold\prooflane-fixtures\fixtures\invalid\AT-020-workflow-tampered\manifest.json"><failure message="1 errors">[ERROR] C:\Users\CraigM\source\repos\Sealfold\prooflane-fixtures\fixtures\invalid\AT-020-workflow-tampered\manifest.json: workflow/log.jsonl#2: timestamp not monotonic (earlier than previous)</failure></testcase><testcase name="C:\Users\CraigM\source\repos\Sealfold\prooflane-fixtures\fixtures\invalid\AT-030-signature-mismatch\manifest.json"><failure message="1 errors">[ERROR] C:\Users\CraigM\source\repos\Sealfold\prooflane-fixtures\fixtures\invalid\AT-030-signature-mismatch\manifest.json: latest commit must include at least one signature when security profile is present</failure></testcase><testcase name="C:\Users\CraigM\source\repos\Sealfold\prooflane-fixtures\fixtures\invalid\AT-040-anchor-invalid\manifest.json"><failure message="1 errors">[ERROR] C:\Users\CraigM\source\repos\Sealfold\prooflane-fixtures\fixtures\invalid\AT-040-anchor-invalid\manifest.json: anchors[1].token must start with 'base64:'</failure></testcase><testcase name="C:\Users\CraigM\source\repos\Sealfold\prooflane-fixtures\fixtures\invalid\AT-050-embedding-dim-mismatch\manifest.json"><failure message="1 errors">[ERROR] C:\Users\CraigM\source\repos\Sealfold\prooflane-fixtures\fixtures\invalid\AT-050-embedding-dim-mismatch\manifest.json: embeddings size 8188 != expected 8192 (num_chunks 2 × dim 1024 × 4)</failure></testcase><testcase name="C:\Users\CraigM\source\repos\Sealfold\prooflane-fixtures\fixtures\invalid\AT-060-unknown-chunk-id\manifest.json"><failure message="1 errors">[ERROR] C:\Users\CraigM\source\repos\Sealfold\prooflane-fixtures\fixtures\invalid\AT-060-unknown-chunk-id\manifest.json: citations.jsonl#1: unknown chunk_id 'missing_chunk'</failure></testcase></testsuite>